<?xml version="1.0" encoding="UTF-8"?>
<testsuite xmlns:xsi="http://www.w3.org/2001/XMLSchema-instance" xsi:noNamespaceSchemaLocation="https://maven.apache.org/surefire/maven-surefire-plugin/xsd/surefire-test-report.xsd" name="com.mycompany.app.TwoSumTest" time="0.037" tests="9" errors="9" skipped="0" failures="0">
  <properties>
    <property name="java.specification.version" value="15"/>
    <property name="sun.cpu.isalist" value="amd64"/>
    <property name="sun.jnu.encoding" value="Cp1252"/>
    <property name="java.class.path" value="C:\Users\enget\Desktop\leet-code\two-sum\target\test-classes;C:\Users\enget\Desktop\leet-code\two-sum\target\classes;C:\Users\enget\.m2\repository\junit\junit\4.11\junit-4.11.jar;C:\Users\enget\.m2\repository\org\hamcrest\hamcrest-core\1.3\hamcrest-core-1.3.jar;"/>
    <property name="java.vm.vendor" value="Oracle Corporation"/>
    <property name="sun.arch.data.model" value="64"/>
    <property name="user.variant" value=""/>
    <property name="java.vendor.url" value="https://java.oracle.com/"/>
    <property name="user.timezone" value="America/Chicago"/>
    <property name="os.name" value="Windows 10"/>
    <property name="java.vm.specification.version" value="15"/>
    <property name="sun.java.launcher" value="SUN_STANDARD"/>
    <property name="user.country" value="US"/>
    <property name="sun.boot.library.path" value="C:\Program Files\Java\jdk-15.0.1\bin"/>
    <property name="sun.java.command" value="C:\Users\enget\AppData\Local\Temp\surefire14020644405644361155\surefirebooter15374850561165022640.jar C:\Users\enget\AppData\Local\Temp\surefire14020644405644361155 2023-10-17T17-51-13_766-jvmRun1 surefire4287375389877064985tmp surefire_012866381980455054931tmp"/>
    <property name="jdk.debug" value="release"/>
    <property name="surefire.test.class.path" value="C:\Users\enget\Desktop\leet-code\two-sum\target\test-classes;C:\Users\enget\Desktop\leet-code\two-sum\target\classes;C:\Users\enget\.m2\repository\junit\junit\4.11\junit-4.11.jar;C:\Users\enget\.m2\repository\org\hamcrest\hamcrest-core\1.3\hamcrest-core-1.3.jar;"/>
    <property name="sun.cpu.endian" value="little"/>
    <property name="user.home" value="C:\Users\enget"/>
    <property name="user.language" value="en"/>
    <property name="java.specification.vendor" value="Oracle Corporation"/>
    <property name="java.version.date" value="2020-10-20"/>
    <property name="java.home" value="C:\Program Files\Java\jdk-15.0.1"/>
    <property name="file.separator" value="\"/>
    <property name="basedir" value="C:\Users\enget\Desktop\leet-code\two-sum"/>
    <property name="java.vm.compressedOopsMode" value="32-bit"/>
    <property name="line.separator" value="&#10;"/>
    <property name="java.vm.specification.vendor" value="Oracle Corporation"/>
    <property name="java.specification.name" value="Java Platform API Specification"/>
    <property name="surefire.real.class.path" value="C:\Users\enget\AppData\Local\Temp\surefire14020644405644361155\surefirebooter15374850561165022640.jar"/>
    <property name="user.script" value=""/>
    <property name="sun.management.compiler" value="HotSpot 64-Bit Tiered Compilers"/>
    <property name="java.runtime.version" value="15.0.1+9-18"/>
    <property name="user.name" value="enget"/>
    <property name="path.separator" value=";"/>
    <property name="os.version" value="10.0"/>
    <property name="java.runtime.name" value="Java(TM) SE Runtime Environment"/>
    <property name="file.encoding" value="Cp1252"/>
    <property name="java.vm.name" value="Java HotSpot(TM) 64-Bit Server VM"/>
    <property name="localRepository" value="C:\Users\enget\.m2\repository"/>
    <property name="java.vendor.url.bug" value="https://bugreport.java.com/bugreport/"/>
    <property name="java.io.tmpdir" value="C:\Users\enget\AppData\Local\Temp\"/>
    <property name="java.version" value="15.0.1"/>
    <property name="user.dir" value="C:\Users\enget\Desktop\leet-code\two-sum"/>
    <property name="os.arch" value="amd64"/>
    <property name="java.vm.specification.name" value="Java Virtual Machine Specification"/>
    <property name="sun.os.patch.level" value=""/>
    <property name="java.library.path" value="C:\Program Files\Java\jdk-15.0.1\bin;C:\WINDOWS\Sun\Java\bin;C:\WINDOWS\system32;C:\WINDOWS;C:\Program Files\Common Files\Oracle\Java\javapath;C:\WINDOWS\system32;C:\WINDOWS;C:\WINDOWS\System32\Wbem;C:\WINDOWS\System32\WindowsPowerShell\v1.0\;C:\WINDOWS\System32\OpenSSH\;C:\Program Files\MATLAB\R2021a\bin;C:\Users\enget\AppData\Local\Programs\Python\Python39\python.exe;C:\Program Files\Docker\Docker\resources\bin;C:\ProgramData\DockerDesktop\version-bin;C:\Program Files\nodejs\;C:\Program Files\Git\cmd;C:\Program Files\dotnet\;C:\Users\enget\AppData\Local\Programs\Python\Python39\Scripts\;C:\Users\enget\AppData\Local\Programs\Python\Python39\;C:\Users\enget\AppData\Local\Microsoft\WindowsApps;C:\Users\enget\AppData\Local\Programs\Microsoft VS Code\bin;C:\Users\enget\AppData\Local\Programs\MiKTeX\miktex\bin\x64\;C:\Users\enget\AppData\Roaming\npm;C:\Users\enget\Downloads\apache-maven-3.9.5-bin\apache-maven-3.9.5\bin;;."/>
    <property name="java.vm.info" value="mixed mode, sharing"/>
    <property name="java.vendor" value="Oracle Corporation"/>
    <property name="java.vm.version" value="15.0.1+9-18"/>
    <property name="sun.io.unicode.encoding" value="UnicodeLittle"/>
    <property name="java.class.version" value="59.0"/>
  </properties>
  <testcase name="twoSumTestWithNoValidInput" classname="com.mycompany.app.TwoSumTest" time="0.005">
    <error message="Cannot invoke &quot;com.mycompany.app.TwoSum.twoSum(int[], int)&quot; because &quot;this.twoSum&quot; is null" type="java.lang.NullPointerException">java.lang.NullPointerException: Cannot invoke "com.mycompany.app.TwoSum.twoSum(int[], int)" because "this.twoSum" is null
	at com.mycompany.app.TwoSumTest.twoSumTestWithNoValidInput(TwoSumTest.java:25)
</error>
  </testcase>
  <testcase name="twoSumTestEmptyArray" classname="com.mycompany.app.TwoSumTest" time="0">
    <error message="Cannot invoke &quot;com.mycompany.app.TwoSum.twoSum(int[], int)&quot; because &quot;this.twoSum&quot; is null" type="java.lang.NullPointerException">java.lang.NullPointerException: Cannot invoke "com.mycompany.app.TwoSum.twoSum(int[], int)" because "this.twoSum" is null
	at com.mycompany.app.TwoSumTest.twoSumTestEmptyArray(TwoSumTest.java:52)
</error>
  </testcase>
  <testcase name="twoSumTestWithValidInput" classname="com.mycompany.app.TwoSumTest" time="0.001">
    <error message="Cannot invoke &quot;com.mycompany.app.TwoSum.twoSum(int[], int)&quot; because &quot;this.twoSum&quot; is null" type="java.lang.NullPointerException">java.lang.NullPointerException: Cannot invoke "com.mycompany.app.TwoSum.twoSum(int[], int)" because "this.twoSum" is null
	at com.mycompany.app.TwoSumTest.twoSumTestWithValidInput(TwoSumTest.java:16)
</error>
  </testcase>
  <testcase name="twoSumTestHashMapEmptyArray" classname="com.mycompany.app.TwoSumTest" time="0">
    <error message="Cannot invoke &quot;com.mycompany.app.TwoSum.twoSumHashMap(int[], int)&quot; because &quot;this.twoSum&quot; is null" type="java.lang.NullPointerException">java.lang.NullPointerException: Cannot invoke "com.mycompany.app.TwoSum.twoSumHashMap(int[], int)" because "this.twoSum" is null
	at com.mycompany.app.TwoSumTest.twoSumTestHashMapEmptyArray(TwoSumTest.java:61)
</error>
  </testcase>
  <testcase name="twoSumTestZero" classname="com.mycompany.app.TwoSumTest" time="0.002">
    <error message="Cannot invoke &quot;com.mycompany.app.TwoSum.twoSum(int[], int)&quot; because &quot;this.twoSum&quot; is null" type="java.lang.NullPointerException">java.lang.NullPointerException: Cannot invoke "com.mycompany.app.TwoSum.twoSum(int[], int)" because "this.twoSum" is null
	at com.mycompany.app.TwoSumTest.twoSumTestZero(TwoSumTest.java:96)
</error>
  </testcase>
  <testcase name="twoSumTestHashMapWithValidInput" classname="com.mycompany.app.TwoSumTest" time="0">
    <error message="Cannot invoke &quot;com.mycompany.app.TwoSum.twoSumHashMap(int[], int)&quot; because &quot;this.twoSum&quot; is null" type="java.lang.NullPointerException">java.lang.NullPointerException: Cannot invoke "com.mycompany.app.TwoSum.twoSumHashMap(int[], int)" because "this.twoSum" is null
	at com.mycompany.app.TwoSumTest.twoSumTestHashMapWithValidInput(TwoSumTest.java:34)
</error>
  </testcase>
  <testcase name="twoSumTestDuplicateNums" classname="com.mycompany.app.TwoSumTest" time="0">
    <error message="Cannot invoke &quot;com.mycompany.app.TwoSum.twoSum(int[], int)&quot; because &quot;this.twoSum&quot; is null" type="java.lang.NullPointerException">java.lang.NullPointerException: Cannot invoke "com.mycompany.app.TwoSum.twoSum(int[], int)" because "this.twoSum" is null
	at com.mycompany.app.TwoSumTest.twoSumTestDuplicateNums(TwoSumTest.java:71)
</error>
  </testcase>
  <testcase name="twoSumTestHashMapWithNoValidInput" classname="com.mycompany.app.TwoSumTest" time="0.001">
    <error message="Cannot invoke &quot;com.mycompany.app.TwoSum.twoSumHashMap(int[], int)&quot; because &quot;this.twoSum&quot; is null" type="java.lang.NullPointerException">java.lang.NullPointerException: Cannot invoke "com.mycompany.app.TwoSum.twoSumHashMap(int[], int)" because "this.twoSum" is null
	at com.mycompany.app.TwoSumTest.twoSumTestHashMapWithNoValidInput(TwoSumTest.java:43)
</error>
  </testcase>
  <testcase name="twoSumTestHashMapDuplicateNums" classname="com.mycompany.app.TwoSumTest" time="0">
    <error message="Cannot invoke &quot;com.mycompany.app.TwoSum.twoSumHashMap(int[], int)&quot; because &quot;this.twoSum&quot; is null" type="java.lang.NullPointerException">java.lang.NullPointerException: Cannot invoke "com.mycompany.app.TwoSum.twoSumHashMap(int[], int)" because "this.twoSum" is null
	at com.mycompany.app.TwoSumTest.twoSumTestHashMapDuplicateNums(TwoSumTest.java:80)
</error>
  </testcase>
</testsuite>